{"/Users/manuelramirez/Desktop/node projects/02-bases/src/js-fundation/01-template.ts": {"path":"/Users/manuelramirez/Desktop/node projects/02-bases/src/js-fundation/01-template.ts","all":false,"statementMap":{"0":{"start":{"line":1,"column":0},"end":{"line":1,"column":30}},"1":{"start":{"line":2,"column":0},"end":{"line":2,"column":9}},"2":{"start":{"line":3,"column":0},"end":{"line":3,"column":29}},"3":{"start":{"line":4,"column":0},"end":{"line":4,"column":35}},"4":{"start":{"line":5,"column":0},"end":{"line":5,"column":37}},"5":{"start":{"line":6,"column":0},"end":{"line":6,"column":10}},"6":{"start":{"line":7,"column":0},"end":{"line":7,"column":1}}},"s":{"0":1,"1":1,"2":1,"3":1,"4":1,"5":1,"6":1},"branchMap":{},"b":{},"fnMap":{},"f":{}}
,"/Users/manuelramirez/Desktop/node projects/02-bases/src/js-fundation/02-destructuring.ts": {"path":"/Users/manuelramirez/Desktop/node projects/02-bases/src/js-fundation/02-destructuring.ts","all":false,"statementMap":{"0":{"start":{"line":1,"column":0},"end":{"line":1,"column":0}},"1":{"start":{"line":2,"column":0},"end":{"line":2,"column":0}},"2":{"start":{"line":3,"column":0},"end":{"line":3,"column":75}},"3":{"start":{"line":4,"column":0},"end":{"line":4,"column":0}},"4":{"start":{"line":5,"column":0},"end":{"line":5,"column":34}}},"s":{"0":1,"1":1,"2":1,"3":1,"4":1},"branchMap":{},"b":{},"fnMap":{},"f":{}}
,"/Users/manuelramirez/Desktop/node projects/02-bases/src/js-fundation/03-callbacks.ts": {"path":"/Users/manuelramirez/Desktop/node projects/02-bases/src/js-fundation/03-callbacks.ts","all":false,"statementMap":{"0":{"start":{"line":1,"column":0},"end":{"line":1,"column":16}},"1":{"start":{"line":2,"column":0},"end":{"line":2,"column":16}},"2":{"start":{"line":3,"column":0},"end":{"line":3,"column":16}},"3":{"start":{"line":4,"column":0},"end":{"line":4,"column":1}},"4":{"start":{"line":5,"column":0},"end":{"line":5,"column":0}},"5":{"start":{"line":6,"column":0},"end":{"line":6,"column":24}},"6":{"start":{"line":7,"column":0},"end":{"line":7,"column":5}},"7":{"start":{"line":8,"column":0},"end":{"line":8,"column":14}},"8":{"start":{"line":9,"column":0},"end":{"line":9,"column":24}},"9":{"start":{"line":10,"column":0},"end":{"line":10,"column":6}},"10":{"start":{"line":11,"column":0},"end":{"line":11,"column":5}},"11":{"start":{"line":12,"column":0},"end":{"line":12,"column":14}},"12":{"start":{"line":13,"column":0},"end":{"line":13,"column":24}},"13":{"start":{"line":14,"column":0},"end":{"line":14,"column":6}},"14":{"start":{"line":15,"column":0},"end":{"line":15,"column":1}},"15":{"start":{"line":16,"column":0},"end":{"line":16,"column":0}},"16":{"start":{"line":17,"column":0},"end":{"line":17,"column":89}},"17":{"start":{"line":18,"column":0},"end":{"line":18,"column":44}},"18":{"start":{"line":19,"column":0},"end":{"line":19,"column":30}},"19":{"start":{"line":20,"column":0},"end":{"line":20,"column":7}},"20":{"start":{"line":21,"column":0},"end":{"line":21,"column":2}},"21":{"start":{"line":22,"column":0},"end":{"line":22,"column":17}},"22":{"start":{"line":23,"column":0},"end":{"line":23,"column":47}},"23":{"start":{"line":24,"column":0},"end":{"line":24,"column":13}},"24":{"start":{"line":25,"column":0},"end":{"line":25,"column":5}},"25":{"start":{"line":26,"column":0},"end":{"line":26,"column":2}},"26":{"start":{"line":27,"column":0},"end":{"line":27,"column":39}},"27":{"start":{"line":28,"column":0},"end":{"line":28,"column":3}}},"s":{"0":1,"1":1,"2":1,"3":1,"4":1,"5":1,"6":1,"7":1,"8":1,"9":1,"10":1,"11":1,"12":1,"13":1,"14":1,"15":1,"16":2,"17":2,"18":3,"19":2,"20":2,"21":2,"22":1,"23":1,"24":1,"25":1,"26":1,"27":1},"branchMap":{"0":{"type":"branch","line":17,"loc":{"start":{"line":17,"column":0},"end":{"line":28,"column":3}},"locations":[{"start":{"line":17,"column":0},"end":{"line":28,"column":3}}]},"1":{"type":"branch","line":22,"loc":{"start":{"line":22,"column":16},"end":{"line":28,"column":3}},"locations":[{"start":{"line":22,"column":16},"end":{"line":28,"column":3}}]},"2":{"type":"branch","line":18,"loc":{"start":{"line":18,"column":29},"end":{"line":20,"column":5}},"locations":[{"start":{"line":18,"column":29},"end":{"line":20,"column":5}}]}},"b":{"0":[2],"1":[1],"2":[3]},"fnMap":{"0":{"name":"getUserById","decl":{"start":{"line":17,"column":0},"end":{"line":28,"column":3}},"loc":{"start":{"line":17,"column":0},"end":{"line":28,"column":3}},"line":17}},"f":{"0":2}}
,"/Users/manuelramirez/Desktop/node projects/02-bases/src/js-fundation/05-factory.ts": {"path":"/Users/manuelramirez/Desktop/node projects/02-bases/src/js-fundation/05-factory.ts","all":false,"statementMap":{"0":{"start":{"line":1,"column":0},"end":{"line":1,"column":33}},"1":{"start":{"line":2,"column":0},"end":{"line":2,"column":26}},"2":{"start":{"line":3,"column":0},"end":{"line":3,"column":42}},"3":{"start":{"line":4,"column":0},"end":{"line":4,"column":1}},"4":{"start":{"line":5,"column":0},"end":{"line":5,"column":0}},"5":{"start":{"line":6,"column":0},"end":{"line":6,"column":25}},"6":{"start":{"line":7,"column":0},"end":{"line":7,"column":17}},"7":{"start":{"line":8,"column":0},"end":{"line":8,"column":21}},"8":{"start":{"line":9,"column":0},"end":{"line":9,"column":1}},"9":{"start":{"line":10,"column":0},"end":{"line":10,"column":0}},"10":{"start":{"line":11,"column":0},"end":{"line":11,"column":79}},"11":{"start":{"line":12,"column":0},"end":{"line":12,"column":51}},"12":{"start":{"line":13,"column":0},"end":{"line":13,"column":16}},"13":{"start":{"line":14,"column":0},"end":{"line":14,"column":26}},"14":{"start":{"line":15,"column":0},"end":{"line":15,"column":23}},"15":{"start":{"line":16,"column":0},"end":{"line":16,"column":33}},"16":{"start":{"line":17,"column":0},"end":{"line":17,"column":34}},"17":{"start":{"line":18,"column":0},"end":{"line":18,"column":9}},"18":{"start":{"line":19,"column":0},"end":{"line":19,"column":5}},"19":{"start":{"line":20,"column":0},"end":{"line":20,"column":1}}},"s":{"0":1,"1":1,"2":1,"3":1,"4":1,"5":1,"6":1,"7":1,"8":1,"9":1,"10":1,"11":2,"12":1,"13":1,"14":1,"15":1,"16":1,"17":1,"18":1,"19":2},"branchMap":{"0":{"type":"branch","line":11,"loc":{"start":{"line":11,"column":31},"end":{"line":20,"column":1}},"locations":[{"start":{"line":11,"column":31},"end":{"line":20,"column":1}}]},"1":{"type":"branch","line":12,"loc":{"start":{"line":12,"column":11},"end":{"line":19,"column":5}},"locations":[{"start":{"line":12,"column":11},"end":{"line":19,"column":5}}]}},"b":{"0":[2],"1":[1]},"fnMap":{"0":{"name":"buildMakePerson","decl":{"start":{"line":11,"column":31},"end":{"line":20,"column":1}},"loc":{"start":{"line":11,"column":31},"end":{"line":20,"column":1}},"line":11}},"f":{"0":2}}
,"/Users/manuelramirez/Desktop/node projects/02-bases/src/js-fundation/06-promises.ts": {"path":"/Users/manuelramirez/Desktop/node projects/02-bases/src/js-fundation/06-promises.ts","all":false,"statementMap":{"0":{"start":{"line":1,"column":0},"end":{"line":1,"column":40}},"1":{"start":{"line":2,"column":0},"end":{"line":2,"column":0}},"2":{"start":{"line":3,"column":0},"end":{"line":3,"column":0}},"3":{"start":{"line":4,"column":0},"end":{"line":4,"column":77}},"4":{"start":{"line":5,"column":0},"end":{"line":5,"column":4}},"5":{"start":{"line":6,"column":0},"end":{"line":6,"column":9}},"6":{"start":{"line":7,"column":0},"end":{"line":7,"column":63}},"7":{"start":{"line":8,"column":0},"end":{"line":8,"column":76}},"8":{"start":{"line":9,"column":0},"end":{"line":9,"column":42}},"9":{"start":{"line":10,"column":0},"end":{"line":10,"column":51}},"10":{"start":{"line":11,"column":0},"end":{"line":11,"column":51}},"11":{"start":{"line":12,"column":0},"end":{"line":12,"column":27}},"12":{"start":{"line":13,"column":0},"end":{"line":13,"column":8}},"13":{"start":{"line":14,"column":0},"end":{"line":14,"column":21}},"14":{"start":{"line":15,"column":0},"end":{"line":15,"column":49}},"15":{"start":{"line":16,"column":0},"end":{"line":16,"column":5}},"16":{"start":{"line":17,"column":0},"end":{"line":17,"column":1}}},"s":{"0":1,"1":1,"2":1,"3":1,"4":2,"5":2,"6":2,"7":2,"8":2,"9":2,"10":1,"11":1,"12":1,"13":1,"14":1,"15":1,"16":2},"branchMap":{"0":{"type":"branch","line":4,"loc":{"start":{"line":4,"column":30},"end":{"line":17,"column":1}},"locations":[{"start":{"line":4,"column":30},"end":{"line":17,"column":1}}]},"1":{"type":"branch","line":4,"loc":{"start":{"line":4,"column":75},"end":{"line":17,"column":1}},"locations":[{"start":{"line":4,"column":75},"end":{"line":17,"column":1}}]},"2":{"type":"branch","line":11,"loc":{"start":{"line":11,"column":-1},"end":{"line":16,"column":5}},"locations":[{"start":{"line":11,"column":-1},"end":{"line":16,"column":5}}]}},"b":{"0":[2],"1":[2],"2":[1]},"fnMap":{"0":{"name":"getPokemonById","decl":{"start":{"line":4,"column":30},"end":{"line":17,"column":1}},"loc":{"start":{"line":4,"column":30},"end":{"line":17,"column":1}},"line":4}},"f":{"0":2}}
,"/Users/manuelramirez/Desktop/node projects/02-bases/src/pluggins/http-client.ts": {"path":"/Users/manuelramirez/Desktop/node projects/02-bases/src/pluggins/http-client.ts","all":false,"statementMap":{"0":{"start":{"line":1,"column":0},"end":{"line":1,"column":26}},"1":{"start":{"line":2,"column":0},"end":{"line":2,"column":0}},"2":{"start":{"line":3,"column":0},"end":{"line":3,"column":34}},"3":{"start":{"line":4,"column":0},"end":{"line":4,"column":34}},"4":{"start":{"line":5,"column":0},"end":{"line":5,"column":0}},"5":{"start":{"line":6,"column":0},"end":{"line":6,"column":46}},"6":{"start":{"line":7,"column":0},"end":{"line":7,"column":20}},"7":{"start":{"line":8,"column":0},"end":{"line":8,"column":6}},"8":{"start":{"line":9,"column":0},"end":{"line":9,"column":1}}},"s":{"0":1,"1":1,"2":1,"3":1,"4":2,"5":2,"6":1,"7":2,"8":1},"branchMap":{"0":{"type":"branch","line":4,"loc":{"start":{"line":4,"column":9},"end":{"line":8,"column":6}},"locations":[{"start":{"line":4,"column":9},"end":{"line":8,"column":6}}]},"1":{"type":"branch","line":4,"loc":{"start":{"line":4,"column":32},"end":{"line":8,"column":5}},"locations":[{"start":{"line":4,"column":32},"end":{"line":8,"column":5}}]},"2":{"type":"branch","line":7,"loc":{"start":{"line":7,"column":-1},"end":{"line":8,"column":5}},"locations":[{"start":{"line":7,"column":-1},"end":{"line":8,"column":5}}]}},"b":{"0":[2],"1":[2],"2":[1]},"fnMap":{"0":{"name":"get","decl":{"start":{"line":4,"column":9},"end":{"line":8,"column":6}},"loc":{"start":{"line":4,"column":9},"end":{"line":8,"column":6}},"line":4}},"f":{"0":2}}
,"/Users/manuelramirez/Desktop/node projects/02-bases/src/pluggins/index.ts": {"path":"/Users/manuelramirez/Desktop/node projects/02-bases/src/pluggins/index.ts","all":false,"statementMap":{"0":{"start":{"line":1,"column":0},"end":{"line":1,"column":47}},"1":{"start":{"line":2,"column":0},"end":{"line":2,"column":64}}},"s":{"0":1,"1":1},"branchMap":{"0":{"type":"branch","line":2,"loc":{"start":{"line":2,"column":9},"end":{"line":2,"column":40}},"locations":[{"start":{"line":2,"column":9},"end":{"line":2,"column":40}}]}},"b":{"0":[2]},"fnMap":{"0":{"name":"get","decl":{"start":{"line":1,"column":9},"end":{"line":1,"column":47}},"loc":{"start":{"line":1,"column":9},"end":{"line":1,"column":47}},"line":1},"1":{"name":"get","decl":{"start":{"line":2,"column":9},"end":{"line":2,"column":40}},"loc":{"start":{"line":2,"column":9},"end":{"line":2,"column":40}},"line":2}},"f":{"0":0,"1":2}}
,"/Users/manuelramirez/Desktop/node projects/02-bases/src/pluggins/logger.pluggin.ts": {"path":"/Users/manuelramirez/Desktop/node projects/02-bases/src/pluggins/logger.pluggin.ts","all":false,"statementMap":{"0":{"start":{"line":1,"column":0},"end":{"line":1,"column":42}},"1":{"start":{"line":2,"column":0},"end":{"line":2,"column":44}},"2":{"start":{"line":3,"column":0},"end":{"line":3,"column":0}},"3":{"start":{"line":4,"column":0},"end":{"line":4,"column":0}},"4":{"start":{"line":5,"column":0},"end":{"line":5,"column":0}},"5":{"start":{"line":6,"column":0},"end":{"line":6,"column":37}},"6":{"start":{"line":7,"column":0},"end":{"line":7,"column":18}},"7":{"start":{"line":8,"column":0},"end":{"line":8,"column":20}},"8":{"start":{"line":9,"column":0},"end":{"line":9,"column":20}},"9":{"start":{"line":10,"column":0},"end":{"line":10,"column":14}},"10":{"start":{"line":11,"column":0},"end":{"line":11,"column":6}},"11":{"start":{"line":12,"column":0},"end":{"line":12,"column":47}},"12":{"start":{"line":13,"column":0},"end":{"line":13,"column":17}},"13":{"start":{"line":14,"column":0},"end":{"line":14,"column":8}},"14":{"start":{"line":15,"column":0},"end":{"line":15,"column":81}},"15":{"start":{"line":16,"column":0},"end":{"line":16,"column":83}},"16":{"start":{"line":17,"column":0},"end":{"line":17,"column":8}},"17":{"start":{"line":18,"column":0},"end":{"line":18,"column":77}},"18":{"start":{"line":19,"column":0},"end":{"line":19,"column":64}},"19":{"start":{"line":20,"column":0},"end":{"line":20,"column":6}},"20":{"start":{"line":21,"column":0},"end":{"line":21,"column":5}},"21":{"start":{"line":22,"column":0},"end":{"line":22,"column":0}},"22":{"start":{"line":23,"column":0},"end":{"line":23,"column":45}},"23":{"start":{"line":24,"column":0},"end":{"line":24,"column":36}},"24":{"start":{"line":25,"column":0},"end":{"line":25,"column":6}},"25":{"start":{"line":26,"column":0},"end":{"line":26,"column":0}},"26":{"start":{"line":27,"column":0},"end":{"line":27,"column":50}},"27":{"start":{"line":28,"column":0},"end":{"line":28,"column":12}},"28":{"start":{"line":29,"column":0},"end":{"line":29,"column":36}},"29":{"start":{"line":30,"column":0},"end":{"line":30,"column":52}},"30":{"start":{"line":31,"column":0},"end":{"line":31,"column":10}},"31":{"start":{"line":32,"column":0},"end":{"line":32,"column":38}},"32":{"start":{"line":33,"column":0},"end":{"line":33,"column":35}},"33":{"start":{"line":34,"column":0},"end":{"line":34,"column":25}},"34":{"start":{"line":35,"column":0},"end":{"line":35,"column":24}},"35":{"start":{"line":36,"column":0},"end":{"line":36,"column":14}},"36":{"start":{"line":37,"column":0},"end":{"line":37,"column":9}},"37":{"start":{"line":38,"column":0},"end":{"line":38,"column":5}},"38":{"start":{"line":39,"column":0},"end":{"line":39,"column":3}}},"s":{"0":1,"1":1,"2":1,"3":1,"4":1,"5":1,"6":1,"7":1,"8":1,"9":1,"10":1,"11":1,"12":1,"13":1,"14":1,"15":1,"16":1,"17":1,"18":1,"19":1,"20":1,"21":1,"22":1,"23":1,"24":1,"25":1,"26":1,"27":0,"28":0,"29":0,"30":0,"31":0,"32":0,"33":0,"34":0,"35":0,"36":0,"37":0,"38":0},"branchMap":{},"b":{},"fnMap":{"0":{"name":"buildLogger","decl":{"start":{"line":27,"column":29},"end":{"line":39,"column":3}},"loc":{"start":{"line":27,"column":29},"end":{"line":39,"column":3}},"line":27}},"f":{"0":0}}
}
