{"C:\\Users\\Manuel R\\Desktop\\Node\\ActualizacionNode\\src\\pluggins\\get-age.pluggin.ts": {"path":"C:\\Users\\Manuel R\\Desktop\\Node\\ActualizacionNode\\src\\pluggins\\get-age.pluggin.ts","all":false,"statementMap":{"0":{"start":{"line":1,"column":0},"end":{"line":1,"column":0}},"1":{"start":{"line":2,"column":0},"end":{"line":2,"column":47}},"2":{"start":{"line":3,"column":0},"end":{"line":3,"column":0}},"3":{"start":{"line":4,"column":0},"end":{"line":4,"column":61}},"4":{"start":{"line":5,"column":0},"end":{"line":5,"column":0}},"5":{"start":{"line":6,"column":0},"end":{"line":6,"column":71}},"6":{"start":{"line":7,"column":0},"end":{"line":7,"column":1}}},"s":{"0":1,"1":1,"2":3,"3":3,"4":3,"5":3,"6":3},"branchMap":{"0":{"type":"branch","line":2,"loc":{"start":{"line":2,"column":22},"end":{"line":7,"column":1}},"locations":[{"start":{"line":2,"column":22},"end":{"line":7,"column":1}}]}},"b":{"0":[3]},"fnMap":{"0":{"name":"getAge","decl":{"start":{"line":2,"column":22},"end":{"line":7,"column":1}},"loc":{"start":{"line":2,"column":22},"end":{"line":7,"column":1}},"line":2}},"f":{"0":3}}
}
